Arguments: 
  /usr/local/bin/node /usr/local/Cellar/yarn/1.2.1/libexec/bin/yarn.js init

PATH: 
  ~/Library/Python/2.7/bin:/Users/Chalex/Android/platform-tools:/Users/Chalex/Android/tools:/usr/local/php5/bin:/usr/local/bin:/usr/bin:/bin:/usr/sbin:/sbin:/Library/Frameworks/Mono.framework/Versions/Current/Commands

Yarn version: 
  1.2.1

Node version: 
  4.5.0

Platform: 
  darwin x64

npm manifest: 
  {
    "name": "geoks-dev",
    "version": "1.0.0",
    "description": "geoks-dev",
    "repository": {
      "type": "git",
      "url": "git@git.geoks-dev.fr:geoks-dev/symfony-bundle.git"
    },
    "author": "Geoks",
    "license": "ISC",
    "dependencies": {
      "bower": "^1.8.0",
      "jpegoptim-bin": "^3.0.0",
      "nodejs": "0.0.0",
      "uglifyjs": "^2.4.10"
    }
  }

yarn manifest: 
  No manifest

Lockfile: 
  No lockfile

Trace: 
  Error: canceled
      at Interface.<anonymous> (/usr/local/Cellar/yarn/1.2.1/libexec/lib/cli.js:120971:13)
      at emitNone (events.js:67:13)
      at Interface.emit (events.js:166:7)
      at Interface._ttyWrite (readline.js:692:16)
      at ReadStream.onkeypress (readline.js:107:10)
      at emitTwo (events.js:87:13)
      at ReadStream.emit (events.js:172:7)
      at emitKeys (readline.js:1261:14)
      at next (native)
      at ReadStream.onData (readline.js:924:36)
